<?xml version="1.0" encoding="UTF-8"?>
<testsuites name="TS_01" time="11.075" tests="1" failures="0" errors="0">
   <testsuite name="TS_01" tests="1" failures="0" errors="0" time="11.075" skipped="0" timestamp="2022-06-10 16:54:33" hostname="duc.phan - JGBW2D3" id="Test Suites/TS_01">
      <properties>
         <property name="deviceName" value=""/>
         <property name="devicePlatform" value=""/>
         <property name="logFolder" value="C:\\Users\\duc.phan\\git\\ducphan\\Reports\\20220610_165431\\TS_01\\20220610_165431"/>
         <property name="logFiles" value="C:\\Users\\duc.phan\\git\\ducphan\\Reports\\20220610_165431\\TS_01\\20220610_165431\\execution0.log"/>
         <property name="attachments" value=""/>
         <property name="hostName" value="duc.phan - JGBW2D3"/>
         <property name="os" value="Windows 10 64bit"/>
         <property name="katalonVersion" value="8.3.5.208"/>
         <property name="browser" value="Chrome 102.0.5005.63"/>
         <property name="hostAddress" value="10.10.33.183"/>
         <property name="sessionId" value="979c73935903c8f91988539fe6a29d96"/>
         <property name="seleniumVersion" value="3.141.59"/>
         <property name="proxyInformation" value="ProxyInformation { proxyOption=NO_PROXY, proxyServerType=HTTP, username=, password=********, proxyServerAddress=, proxyServerPort=0, executionList=&quot;&quot;, isApplyToDesiredCapabilities=true }"/>
         <property name="platform" value="Windows 10"/>
      </properties>
      <testcase name="Test Cases/TC_01" time="10.775" classname="Test Cases/TC_01" status="PASSED">
         <system-out><![CDATA[2022-06-10 16:54:34 - [TEST_CASE][PASSED] - Test Cases/TC_01: Test Cases/TC_01

2022-06-10 16:54:34 - [TEST_STEP][PASSED] - openBrowser(""): Browser is opened with url: ''

2022-06-10 16:54:34 - [MESSAGE][INFO] - Starting 'Chrome' driver

2022-06-10 16:54:34 - [MESSAGE][INFO] - Action delay is set to 0 milliseconds

2022-06-10 16:54:37 - [MESSAGE][PASSED] - Browser is opened with url: ''

2022-06-10 16:54:37 - [TEST_STEP][PASSED] - navigateToUrl("https://katalon-demo-cura.herokuapp.com/"): Navigate to 'https://katalon-demo-cura.herokuapp.com/' successfully

2022-06-10 16:54:39 - [MESSAGE][PASSED] - Navigate to 'https://katalon-demo-cura.herokuapp.com/' successfully

2022-06-10 16:54:39 - [TEST_STEP][PASSED] - click(findTestObject("Object Repository/Page_CURA Healthcare Service/a_Make Appointment")): Object: 'Object Repository/Page_CURA Healthcare Service/a_Make Appointment' is clicked on

2022-06-10 16:54:40 - [MESSAGE][PASSED] - Object: 'Object Repository/Page_CURA Healthcare Service/a_Make Appointment' is clicked on

2022-06-10 16:54:40 - [TEST_STEP][PASSED] - setText(findTestObject("Object Repository/Page_CURA Healthcare Service/input_Username_username"), "John Doe"): Text 'John Doe' is set on object 'Object Repository/Page_CURA Healthcare Service/input_Username_username'

2022-06-10 16:54:41 - [MESSAGE][PASSED] - Text 'John Doe' is set on object 'Object Repository/Page_CURA Healthcare Service/input_Username_username'

2022-06-10 16:54:41 - [TEST_STEP][PASSED] - setEncryptedText(findTestObject("Object Repository/Page_CURA Healthcare Service/input_Password_password"), "lqDUxSJqrJCiHnxLhRlGInkJst0ac4O4"): Text ****** has been set on object 'Object Repository/Page_CURA Healthcare Service/input_Password_password'

2022-06-10 16:54:42 - [MESSAGE][PASSED] - Text ****** has been set on object 'Object Repository/Page_CURA Healthcare Service/input_Password_password'

2022-06-10 16:54:42 - [TEST_STEP][PASSED] - click(findTestObject("Object Repository/Page_CURA Healthcare Service/button_Login")): Object: 'Object Repository/Page_CURA Healthcare Service/button_Login' is clicked on

2022-06-10 16:54:43 - [MESSAGE][PASSED] - Object: 'Object Repository/Page_CURA Healthcare Service/button_Login' is clicked on

2022-06-10 16:54:43 - [TEST_STEP][PASSED] - closeBrowser(): Browser is closed

2022-06-10 16:54:45 - [MESSAGE][PASSED] - Browser is closed]]></system-out>
         <system-err><![CDATA[]]></system-err>
      </testcase>
      <system-out><![CDATA[2022-06-10 16:54:33 - [TEST_SUITE][PASSED] - TS_01: Test Cases/TC_01]]></system-out>
      <system-err><![CDATA[]]></system-err>
   </testsuite>
</testsuites>
